{"/home/wanessaguedes/processos-seletivos/bravi/back-end/src/config/database.ts": {"path":"/home/wanessaguedes/processos-seletivos/bravi/back-end/src/config/database.ts","statementMap":{"0":{"start":{"line":3,"column":25},"end":{"line":3,"column":28}},"1":{"start":{"line":5,"column":22},"end":{"line":5,"column":40}}},"fnMap":{},"branchMap":{},"s":{"0":1,"1":1},"f":{},"b":{}}
,"/home/wanessaguedes/processos-seletivos/bravi/back-end/src/repositories/authRepository.ts": {"path":"/home/wanessaguedes/processos-seletivos/bravi/back-end/src/repositories/authRepository.ts","statementMap":{"0":{"start":{"line":5,"column":2},"end":{"line":5,"column":47}},"1":{"start":{"line":9,"column":28},"end":{"line":13,"column":4}},"2":{"start":{"line":15,"column":2},"end":{"line":15,"column":27}},"3":{"start":{"line":18,"column":30},"end":{"line":21,"column":2}}},"fnMap":{"0":{"name":"createUser","decl":{"start":{"line":4,"column":15},"end":{"line":4,"column":25}},"loc":{"start":{"line":4,"column":50},"end":{"line":6,"column":null}}},"1":{"name":"checkEmail","decl":{"start":{"line":8,"column":15},"end":{"line":8,"column":25}},"loc":{"start":{"line":8,"column":50},"end":{"line":16,"column":null}}}},"branchMap":{},"s":{"0":1,"1":0,"2":0,"3":1},"f":{"0":1,"1":0},"b":{}}
,"/home/wanessaguedes/processos-seletivos/bravi/back-end/src/services/authService.ts": {"path":"/home/wanessaguedes/processos-seletivos/bravi/back-end/src/services/authService.ts","statementMap":{"0":{"start":{"line":10,"column":0},"end":{"line":10,"column":14}},"1":{"start":{"line":11,"column":13},"end":{"line":11,"column":15}},"2":{"start":{"line":14,"column":2},"end":{"line":14,"column":48}},"3":{"start":{"line":15,"column":19},"end":{"line":15,"column":40}},"4":{"start":{"line":16,"column":28},"end":{"line":16,"column":69}},"5":{"start":{"line":17,"column":2},"end":{"line":22,"column":null}},"6":{"start":{"line":18,"column":4},"end":{"line":21,"column":6}},"7":{"start":{"line":24,"column":2},"end":{"line":24,"column":58}},"8":{"start":{"line":26,"column":2},"end":{"line":26,"column":44}},"9":{"start":{"line":30,"column":15},"end":{"line":30,"column":56}},"10":{"start":{"line":31,"column":2},"end":{"line":36,"column":null}},"11":{"start":{"line":32,"column":4},"end":{"line":35,"column":6}},"12":{"start":{"line":38,"column":2},"end":{"line":43,"column":null}},"13":{"start":{"line":39,"column":4},"end":{"line":42,"column":6}},"14":{"start":{"line":45,"column":17},"end":{"line":45,"column":43}},"15":{"start":{"line":46,"column":16},"end":{"line":46,"column":67}},"16":{"start":{"line":48,"column":2},"end":{"line":48,"column":25}},"17":{"start":{"line":51,"column":27},"end":{"line":54,"column":2}}},"fnMap":{"0":{"name":"signUp","decl":{"start":{"line":13,"column":15},"end":{"line":13,"column":21}},"loc":{"start":{"line":13,"column":46},"end":{"line":27,"column":null}}},"1":{"name":"signIn","decl":{"start":{"line":29,"column":15},"end":{"line":29,"column":21}},"loc":{"start":{"line":29,"column":52},"end":{"line":49,"column":null}}}},"branchMap":{"0":{"loc":{"start":{"line":17,"column":2},"end":{"line":22,"column":null}},"type":"if","locations":[{"start":{"line":17,"column":2},"end":{"line":22,"column":null}}]},"1":{"loc":{"start":{"line":31,"column":2},"end":{"line":36,"column":null}},"type":"if","locations":[{"start":{"line":31,"column":2},"end":{"line":36,"column":null}}]},"2":{"loc":{"start":{"line":38,"column":2},"end":{"line":43,"column":null}},"type":"if","locations":[{"start":{"line":38,"column":2},"end":{"line":43,"column":null}}]}},"s":{"0":1,"1":1,"2":2,"3":2,"4":2,"5":2,"6":1,"7":1,"8":1,"9":2,"10":2,"11":1,"12":1,"13":1,"14":0,"15":0,"16":0,"17":1},"f":{"0":2,"1":2},"b":{"0":[1],"1":[1],"2":[1]}}
}
