TN:
SF:src/config/database.ts
FNF:0
FNH:0
DA:3,1
DA:5,1
LF:2
LH:2
BRF:0
BRH:0
end_of_record
TN:
SF:src/repositories/authRepository.ts
FN:4,createUser
FN:8,checkEmail
FNF:2
FNH:1
FNDA:1,createUser
FNDA:0,checkEmail
DA:5,1
DA:9,0
DA:15,0
DA:18,1
LF:4
LH:2
BRF:0
BRH:0
end_of_record
TN:
SF:src/services/authService.ts
FN:13,signUp
FN:29,signIn
FNF:2
FNH:2
FNDA:2,signUp
FNDA:2,signIn
DA:10,1
DA:11,1
DA:14,2
DA:15,2
DA:16,2
DA:17,2
DA:18,1
DA:24,1
DA:26,1
DA:30,2
DA:31,2
DA:32,1
DA:38,1
DA:39,1
DA:45,0
DA:46,0
DA:48,0
DA:51,1
LF:18
LH:15
BRDA:17,0,0,1
BRDA:31,1,0,1
BRDA:38,2,0,1
BRF:3
BRH:3
end_of_record
